<?xml version="1.0" encoding="UTF-8"?>
<testsuite xmlns:xsi="http://www.w3.org/2001/XMLSchema-instance" xsi:noNamespaceSchemaLocation="https://maven.apache.org/surefire/maven-surefire-plugin/xsd/surefire-test-report-3.0.xsd" version="3.0" name="org.cis1200.twentyfortyeight.TwentyFortyEightTest" time="0.065" tests="4" errors="0" skipped="0" failures="0">
  <properties>
[...]
</properties>
  <testcase name="testResetKeepsGamePlayable" classname="org.cis1200.twentyfortyeight.TwentyFortyEightTest" time="0.0"/>
  <testcase name="testAddRandomTilesDoesNotCrash" classname="org.cis1200.twentyfortyeight.TwentyFortyEightTest" time="0.0"/>
  <testcase name="testGameStartsNotOverAndScoreNonNegative" classname="org.cis1200.twentyfortyeight.TwentyFortyEightTest" time="0.0"/>
  <testcase name="testMovesDoNotThrowAndKeepScoreValid" classname="org.cis1200.twentyfortyeight.TwentyFortyEightTest" time="0.0"/>
</testsuite>